<?xml version="1.0" encoding="UTF-8"?>
<!-- Generated by org.testng.reporters.JUnitXMLReporter -->
<testsuite ignored="0" hostname="EliteBook8470p" failures="0" tests="10" name="Parallel test" time="10.188" errors="0" timestamp="2024-03-01T15:07:54 GMT+01:00">
  <testcase classname="pl.traineeship.autoqa.lesson11.parallelismus.ParallelClass1" name="parallel1" time="2.023"/>
  <testcase classname="pl.traineeship.autoqa.lesson11.parallelismus.ParallelClass2" name="parallel10" time="2.033"/>
  <testcase classname="pl.traineeship.autoqa.lesson11.parallelismus.ParallelClass1" name="parallel2" time="2.007"/>
  <testcase classname="pl.traineeship.autoqa.lesson11.parallelismus.ParallelClass2" name="parallel6" time="2.013"/>
  <testcase classname="pl.traineeship.autoqa.lesson11.parallelismus.ParallelClass1" name="parallel3" time="2.015"/>
  <testcase classname="pl.traineeship.autoqa.lesson11.parallelismus.ParallelClass2" name="parallel7" time="2.014"/>
  <testcase classname="pl.traineeship.autoqa.lesson11.parallelismus.ParallelClass1" name="parallel4" time="2.01"/>
  <testcase classname="pl.traineeship.autoqa.lesson11.parallelismus.ParallelClass2" name="parallel8" time="2.008"/>
  <testcase classname="pl.traineeship.autoqa.lesson11.parallelismus.ParallelClass1" name="parallel5" time="2.008"/>
  <testcase classname="pl.traineeship.autoqa.lesson11.parallelismus.ParallelClass2" name="parallel9" time="2.007"/>
</testsuite> <!-- Parallel test -->
