<?xml version="1.0" encoding="UTF-8"?>
<!-- Generated by org.testng.reporters.JUnitXMLReporter -->
<testsuite ignored="0" hostname="EliteBook8470p" failures="0" tests="3" name="Default test" time="34.722" errors="0" timestamp="2024-03-01T15:16:39 GMT+01:00">
  <testcase classname="pl.traineeship.autoqa.lesson11.LoginDataProviderTest" name="testLogin" time="2.234"/>
  <testcase classname="pl.traineeship.autoqa.lesson11.LoginDataProviderTest" name="testLogin" time="2.231"/>
  <testcase classname="pl.traineeship.autoqa.lesson11.LoginDataProviderTest" name="testLogin" time="2.176"/>
</testsuite> <!-- Default test -->
