<?xml version="1.0" encoding="UTF-8"?>
<testng-results ignored="0" total="3" passed="3" failed="0" skipped="0">
  <reporter-output>
  </reporter-output>
  <suite started-at="2024-03-01T15:18:10 GMT+01:00" name="Parameters Suite" finished-at="2024-03-01T15:18:17 GMT+01:00" duration-ms="6780">
    <groups>
    </groups>
    <test started-at="2024-03-01T15:18:10 GMT+01:00" name="First set of parameters" finished-at="2024-03-01T15:18:12 GMT+01:00" duration-ms="2295">
      <class name="pl.traineeship.autoqa.lesson11.LoginParametersTest">
        <test-method signature="testLogin(java.lang.String,java.lang.String)[pri:0, instance:pl.traineeship.autoqa.lesson11.LoginParametersTest@36ebc363]" started-at="2024-03-01T15:18:10 GMT+01:00" name="testLogin" finished-at="2024-03-01T15:18:12 GMT+01:00" duration-ms="2237" status="PASS">
          <params>
            <param index="0">
              <value>
                <![CDATA[test_email1@gmail.com]]>
              </value>
            </param>
            <param index="1">
              <value>
                <![CDATA[test_password1]]>
              </value>
            </param>
          </params>
          <reporter-output>
          </reporter-output>
        </test-method> <!-- testLogin -->
      </class> <!-- pl.traineeship.autoqa.lesson11.LoginParametersTest -->
    </test> <!-- First set of parameters -->
    <test started-at="2024-03-01T15:18:13 GMT+01:00" name="Second set of parameters" finished-at="2024-03-01T15:18:15 GMT+01:00" duration-ms="2206">
      <class name="pl.traineeship.autoqa.lesson11.LoginParametersTest">
        <test-method signature="testLogin(java.lang.String,java.lang.String)[pri:0, instance:pl.traineeship.autoqa.lesson11.LoginParametersTest@79079097]" started-at="2024-03-01T15:18:13 GMT+01:00" name="testLogin" finished-at="2024-03-01T15:18:15 GMT+01:00" duration-ms="2202" status="PASS">
          <params>
            <param index="0">
              <value>
                <![CDATA[test_email2@gmail.com]]>
              </value>
            </param>
            <param index="1">
              <value>
                <![CDATA[test_password2]]>
              </value>
            </param>
          </params>
          <reporter-output>
          </reporter-output>
        </test-method> <!-- testLogin -->
      </class> <!-- pl.traineeship.autoqa.lesson11.LoginParametersTest -->
    </test> <!-- Second set of parameters -->
    <test started-at="2024-03-01T15:18:15 GMT+01:00" name="Third set of parameters" finished-at="2024-03-01T15:18:17 GMT+01:00" duration-ms="2172">
      <class name="pl.traineeship.autoqa.lesson11.LoginParametersTest">
        <test-method is-config="true" signature="setUp()[pri:0, instance:pl.traineeship.autoqa.lesson11.LoginParametersTest@4b2bac3f]" started-at="2024-03-01T15:17:57 GMT+01:00" name="setUp" finished-at="2024-03-01T15:18:10 GMT+01:00" duration-ms="13180" status="PASS">
          <reporter-output>
          </reporter-output>
        </test-method> <!-- setUp -->
        <test-method signature="testLogin(java.lang.String,java.lang.String)[pri:0, instance:pl.traineeship.autoqa.lesson11.LoginParametersTest@4b2bac3f]" started-at="2024-03-01T15:18:15 GMT+01:00" name="testLogin" finished-at="2024-03-01T15:18:17 GMT+01:00" duration-ms="2167" status="PASS">
          <params>
            <param index="0">
              <value>
                <![CDATA[test_email3@gmail.com]]>
              </value>
            </param>
            <param index="1">
              <value>
                <![CDATA[test_password3]]>
              </value>
            </param>
          </params>
          <reporter-output>
          </reporter-output>
        </test-method> <!-- testLogin -->
        <test-method is-config="true" signature="tearDown()[pri:0, instance:pl.traineeship.autoqa.lesson11.LoginParametersTest@4b2bac3f]" started-at="2024-03-01T15:18:17 GMT+01:00" name="tearDown" finished-at="2024-03-01T15:18:24 GMT+01:00" duration-ms="6952" status="PASS">
          <reporter-output>
          </reporter-output>
        </test-method> <!-- tearDown -->
      </class> <!-- pl.traineeship.autoqa.lesson11.LoginParametersTest -->
    </test> <!-- Third set of parameters -->
  </suite> <!-- Parameters Suite -->
</testng-results>
