<?xml version="1.0" encoding="UTF-8"?>
<!-- Generated by org.testng.reporters.JUnitXMLReporter -->
<testsuite ignored="4" hostname="EliteBook8470p" failures="0" tests="4" name="Second group test" time="0.042" errors="0" timestamp="2024-03-01T14:44:54 GMT+01:00">
  <testcase classname="pl.traineeship.autoqa.lesson11.grouping.Groups" name="two" time="0.002"/>
  <testcase classname="pl.traineeship.autoqa.lesson11.grouping.Groups" name="four" time="0.005"/>
  <testcase classname="pl.traineeship.autoqa.lesson11.grouping.Groups" name="six" time="0.003"/>
  <testcase classname="pl.traineeship.autoqa.lesson11.grouping.Groups" name="eight" time="0.003"/>
  <testcase classname="pl.traineeship.autoqa.lesson11.grouping.Groups" name="five" time="0.0">
    <ignored/>
  </testcase> <!-- five -->
  <testcase classname="pl.traineeship.autoqa.lesson11.grouping.Groups" name="seven" time="0.0">
    <ignored/>
  </testcase> <!-- seven -->
  <testcase classname="pl.traineeship.autoqa.lesson11.grouping.Groups" name="three" time="0.0">
    <ignored/>
  </testcase> <!-- three -->
  <testcase classname="pl.traineeship.autoqa.lesson11.grouping.Groups" name="one" time="0.0">
    <ignored/>
  </testcase> <!-- one -->
</testsuite> <!-- Second group test -->
